[debug] [2025-06-08T01:09:51.519Z] [Firebase Plugin] Activating Firebase extension.
[info] [Firebase Plugin] Checked firebase-tools, is up to date!
[debug] [2025-06-08T01:10:38.375Z] [Firebase Plugin] requireAuthWrapper
[debug] [2025-06-08T01:10:38.438Z] > command requires scopes: ["email","openid","https://www.googleapis.com/auth/cloudplatformprojects.readonly","https://www.googleapis.com/auth/firebase","https://www.googleapis.com/auth/cloud-platform"]
[debug] [2025-06-08T01:10:38.438Z] > authorizing via signed-in user (aburagirio@gmail.com)
[debug] [2025-06-08T01:10:38.443Z] Checked if tokens are valid: false, expires at: 1749323112761
[debug] [2025-06-08T01:10:38.444Z] Checked if tokens are valid: false, expires at: 1749323112761
[debug] [2025-06-08T01:10:38.445Z] > refreshing access token with scopes: []
[debug] [2025-06-08T01:10:38.449Z] >>> [apiv2][query] POST https://www.googleapis.com/oauth2/v3/token [none]
[debug] [2025-06-08T01:10:38.450Z] >>> [apiv2][body] POST https://www.googleapis.com/oauth2/v3/token [omitted]
[debug] [2025-06-08T01:10:38.472Z] [Firebase Plugin] VSCode notification server listening on port 40001
[info] [Firebase Plugin] Starting Data Connect toolkit (version 2.6.1) on port 50001
[info] i  dataconnect: downloading dataconnect-emulator-2.6.1... {"metadata":{"emulator":{"name":"dataconnect"},"message":"downloading dataconnect-emulator-2.6.1..."}}
[debug] [2025-06-08T01:10:39.183Z] >>> [apiv2][query] GET https://storage.googleapis.com/firemat-preview-drop/emulator/dataconnect-emulator-macos-v2.6.1 
[debug] [2025-06-08T01:10:39.247Z] <<< [apiv2][status] POST https://www.googleapis.com/oauth2/v3/token 200
[debug] [2025-06-08T01:10:39.250Z] <<< [apiv2][body] POST https://www.googleapis.com/oauth2/v3/token [omitted]
[debug] [2025-06-08T01:10:39.310Z] [Firebase Plugin] User found:  aburagirio@gmail.com
[info] [Firebase Plugin] (Core:Project) New user detected, fetching projects
[debug] [2025-06-08T01:10:39.325Z] Checked if tokens are valid: true, expires at: 1749348638253
[debug] [2025-06-08T01:10:39.330Z] >>> [apiv2][query] GET https://firebase.googleapis.com/v1beta1/projects pageSize=1000
[debug] [2025-06-08T01:10:39.672Z] <<< [apiv2][status] GET https://storage.googleapis.com/firemat-preview-drop/emulator/dataconnect-emulator-macos-v2.6.1 200
[debug] [2025-06-08T01:10:39.674Z] <<< [apiv2][body] GET https://storage.googleapis.com/firemat-preview-drop/emulator/dataconnect-emulator-macos-v2.6.1 [stream]
[debug] [2025-06-08T01:10:40.111Z] <<< [apiv2][status] GET https://firebase.googleapis.com/v1beta1/projects 200
[debug] [2025-06-08T01:10:40.112Z] <<< [apiv2][body] GET https://firebase.googleapis.com/v1beta1/projects [omitted]
[info] i  dataconnect: Removing outdated emulator files: dataconnect-emulator-2.6.3 {"metadata":{"emulator":{"name":"dataconnect"},"message":"Removing outdated emulator files: dataconnect-emulator-2.6.3"}}
[debug] [2025-06-08T01:10:52.872Z] 'fdc build' failed with error: Unable to build your Data Connect schema and connectors (exit code 1): E0608 10:10:52.869966   84405 cmd.go:43] Error loading data connect config: could not find dataconnect.yaml in `/Users/noriyoshi.tanaka/Documents/workspace/DailyNecessity/DailyNecessityWeb/dataconnect`
 {"metadata":{"emulator":{"name":"dataconnect"},"message":"'fdc build' failed with error: Unable to build your Data Connect schema and connectors (exit code 1): E0608 10:10:52.869966   84405 cmd.go:43] Error loading data connect config: could not find dataconnect.yaml in `/Users/noriyoshi.tanaka/Documents/workspace/DailyNecessity/DailyNecessityWeb/dataconnect`\n"}}
[debug] [2025-06-08T01:10:52.873Z] Ignoring unsupported arg: auto_download {"metadata":{"emulator":{"name":"dataconnect"},"message":"Ignoring unsupported arg: auto_download"}}
[debug] [2025-06-08T01:10:52.874Z] Ignoring unsupported arg: port {"metadata":{"emulator":{"name":"dataconnect"},"message":"Ignoring unsupported arg: port"}}
[debug] [2025-06-08T01:10:52.874Z] Starting Data Connect Emulator with command {"binary":"/Users/noriyoshi.tanaka/.cache/firebase/emulators/dataconnect-emulator-2.6.1","args":["--logtostderr","-v=2","dev","--listen=localhost:50001","--config_dir=/Users/noriyoshi.tanaka/Documents/workspace/DailyNecessity/DailyNecessityWeb/dataconnect","--enable_output_schema_extensions=true","--enable_output_generated_sdk=true"],"optionalArgs":["listen","config_dir","enable_output_schema_extensions","enable_output_generated_sdk"],"joinArgs":true,"shell":false,"port":9399} {"metadata":{"emulator":{"name":"dataconnect"},"message":"Starting Data Connect Emulator with command {\"binary\":\"/Users/noriyoshi.tanaka/.cache/firebase/emulators/dataconnect-emulator-2.6.1\",\"args\":[\"--logtostderr\",\"-v=2\",\"dev\",\"--listen=localhost:50001\",\"--config_dir=/Users/noriyoshi.tanaka/Documents/workspace/DailyNecessity/DailyNecessityWeb/dataconnect\",\"--enable_output_schema_extensions=true\",\"--enable_output_generated_sdk=true\"],\"optionalArgs\":[\"listen\",\"config_dir\",\"enable_output_schema_extensions\",\"enable_output_generated_sdk\"],\"joinArgs\":true,\"shell\":false,\"port\":9399}"}}
[info] i  dataconnect: Data Connect Emulator logging to dataconnect-debug.log {"metadata":{"emulator":{"name":"dataconnect"},"message":"Data Connect Emulator logging to dataconnect-debug.log"}}
[debug] [2025-06-08T01:10:54.082Z] E0608 10:10:54.082198   84419 load.go:23] Could not load config from "/Users/noriyoshi.tanaka/Documents/workspace/DailyNecessity/DailyNecessityWeb/dataconnect": could not find dataconnect.yaml in `/Users/noriyoshi.tanaka/Documents/workspace/DailyNecessity/DailyNecessityWeb/dataconnect`
 {"metadata":{"emulator":{"name":"dataconnect"},"message":"E0608 10:10:54.082198   84419 load.go:23] Could not load config from \"/Users/noriyoshi.tanaka/Documents/workspace/DailyNecessity/DailyNecessityWeb/dataconnect\": could not find dataconnect.yaml in `/Users/noriyoshi.tanaka/Documents/workspace/DailyNecessity/DailyNecessityWeb/dataconnect`\n"}}
[debug] [2025-06-08T01:10:54.084Z] E0608 10:10:54.084190   84419 watch.go:76] watchAllDir unable to walk dir `/Users/noriyoshi.tanaka/Documents/workspace/DailyNecessity/DailyNecessityWeb/dataconnect`: on path "/Users/noriyoshi.tanaka/Documents/workspace/DailyNecessity/DailyNecessityWeb/dataconnect" (DirEntry: <nil>): lstat /Users/noriyoshi.tanaka/Documents/workspace/DailyNecessity/DailyNecessityWeb/dataconnect: no such file or directory
 {"metadata":{"emulator":{"name":"dataconnect"},"message":"E0608 10:10:54.084190   84419 watch.go:76] watchAllDir unable to walk dir `/Users/noriyoshi.tanaka/Documents/workspace/DailyNecessity/DailyNecessityWeb/dataconnect`: on path \"/Users/noriyoshi.tanaka/Documents/workspace/DailyNecessity/DailyNecessityWeb/dataconnect\" (DirEntry: <nil>): lstat /Users/noriyoshi.tanaka/Documents/workspace/DailyNecessity/DailyNecessityWeb/dataconnect: no such file or directory\n"}}
[debug] [2025-06-08T01:10:54.089Z] I0608 10:10:54.088999   84419 dev.go:95] Listening on address (HTTP + gRPC): 127.0.0.1:50001
 {"metadata":{"emulator":{"name":"dataconnect"},"message":"I0608 10:10:54.088999   84419 dev.go:95] Listening on address (HTTP + gRPC): 127.0.0.1:50001\n"}}
[error] [Firebase Plugin] error:  {}
[debug] [2025-06-08T01:11:04.084Z] E0608 10:11:04.084530   84419 load.go:23] Could not load config from "/Users/noriyoshi.tanaka/Documents/workspace/DailyNecessity/DailyNecessityWeb/dataconnect": could not find dataconnect.yaml in `/Users/noriyoshi.tanaka/Documents/workspace/DailyNecessity/DailyNecessityWeb/dataconnect`
 {"metadata":{"emulator":{"name":"dataconnect"},"message":"E0608 10:11:04.084530   84419 load.go:23] Could not load config from \"/Users/noriyoshi.tanaka/Documents/workspace/DailyNecessity/DailyNecessityWeb/dataconnect\": could not find dataconnect.yaml in `/Users/noriyoshi.tanaka/Documents/workspace/DailyNecessity/DailyNecessityWeb/dataconnect`\n"}}
[debug] [2025-06-08T01:11:14.084Z] E0608 10:11:14.084710   84419 load.go:23] Could not load config from "/Users/noriyoshi.tanaka/Documents/workspace/DailyNecessity/DailyNecessityWeb/dataconnect": could not find dataconnect.yaml in `/Users/noriyoshi.tanaka/Documents/workspace/DailyNecessity/DailyNecessityWeb/dataconnect`
 {"metadata":{"emulator":{"name":"dataconnect"},"message":"E0608 10:11:14.084710   84419 load.go:23] Could not load config from \"/Users/noriyoshi.tanaka/Documents/workspace/DailyNecessity/DailyNecessityWeb/dataconnect\": could not find dataconnect.yaml in `/Users/noriyoshi.tanaka/Documents/workspace/DailyNecessity/DailyNecessityWeb/dataconnect`\n"}}
[debug] [2025-06-08T01:11:24.085Z] E0608 10:11:24.084774   84419 load.go:23] Could not load config from "/Users/noriyoshi.tanaka/Documents/workspace/DailyNecessity/DailyNecessityWeb/dataconnect": could not find dataconnect.yaml in `/Users/noriyoshi.tanaka/Documents/workspace/DailyNecessity/DailyNecessityWeb/dataconnect`
 {"metadata":{"emulator":{"name":"dataconnect"},"message":"E0608 10:11:24.084774   84419 load.go:23] Could not load config from \"/Users/noriyoshi.tanaka/Documents/workspace/DailyNecessity/DailyNecessityWeb/dataconnect\": could not find dataconnect.yaml in `/Users/noriyoshi.tanaka/Documents/workspace/DailyNecessity/DailyNecessityWeb/dataconnect`\n"}}
[debug] [2025-06-08T01:11:34.086Z] E0608 10:11:34.086209   84419 load.go:23] Could not load config from "/Users/noriyoshi.tanaka/Documents/workspace/DailyNecessity/DailyNecessityWeb/dataconnect": could not find dataconnect.yaml in `/Users/noriyoshi.tanaka/Documents/workspace/DailyNecessity/DailyNecessityWeb/dataconnect`
 {"metadata":{"emulator":{"name":"dataconnect"},"message":"E0608 10:11:34.086209   84419 load.go:23] Could not load config from \"/Users/noriyoshi.tanaka/Documents/workspace/DailyNecessity/DailyNecessityWeb/dataconnect\": could not find dataconnect.yaml in `/Users/noriyoshi.tanaka/Documents/workspace/DailyNecessity/DailyNecessityWeb/dataconnect`\n"}}
[debug] [2025-06-08T01:11:44.085Z] E0608 10:11:44.085415   84419 load.go:23] Could not load config from "/Users/noriyoshi.tanaka/Documents/workspace/DailyNecessity/DailyNecessityWeb/dataconnect": could not find dataconnect.yaml in `/Users/noriyoshi.tanaka/Documents/workspace/DailyNecessity/DailyNecessityWeb/dataconnect`
 {"metadata":{"emulator":{"name":"dataconnect"},"message":"E0608 10:11:44.085415   84419 load.go:23] Could not load config from \"/Users/noriyoshi.tanaka/Documents/workspace/DailyNecessity/DailyNecessityWeb/dataconnect\": could not find dataconnect.yaml in `/Users/noriyoshi.tanaka/Documents/workspace/DailyNecessity/DailyNecessityWeb/dataconnect`\n"}}
[debug] [2025-06-08T01:11:54.085Z] E0608 10:11:54.085382   84419 load.go:23] Could not load config from "/Users/noriyoshi.tanaka/Documents/workspace/DailyNecessity/DailyNecessityWeb/dataconnect": could not find dataconnect.yaml in `/Users/noriyoshi.tanaka/Documents/workspace/DailyNecessity/DailyNecessityWeb/dataconnect`
 {"metadata":{"emulator":{"name":"dataconnect"},"message":"E0608 10:11:54.085382   84419 load.go:23] Could not load config from \"/Users/noriyoshi.tanaka/Documents/workspace/DailyNecessity/DailyNecessityWeb/dataconnect\": could not find dataconnect.yaml in `/Users/noriyoshi.tanaka/Documents/workspace/DailyNecessity/DailyNecessityWeb/dataconnect`\n"}}
[debug] [2025-06-08T01:12:04.085Z] E0608 10:12:04.084829   84419 load.go:23] Could not load config from "/Users/noriyoshi.tanaka/Documents/workspace/DailyNecessity/DailyNecessityWeb/dataconnect": could not find dataconnect.yaml in `/Users/noriyoshi.tanaka/Documents/workspace/DailyNecessity/DailyNecessityWeb/dataconnect`
 {"metadata":{"emulator":{"name":"dataconnect"},"message":"E0608 10:12:04.084829   84419 load.go:23] Could not load config from \"/Users/noriyoshi.tanaka/Documents/workspace/DailyNecessity/DailyNecessityWeb/dataconnect\": could not find dataconnect.yaml in `/Users/noriyoshi.tanaka/Documents/workspace/DailyNecessity/DailyNecessityWeb/dataconnect`\n"}}
[debug] [2025-06-08T01:12:14.085Z] E0608 10:12:14.085024   84419 load.go:23] Could not load config from "/Users/noriyoshi.tanaka/Documents/workspace/DailyNecessity/DailyNecessityWeb/dataconnect": could not find dataconnect.yaml in `/Users/noriyoshi.tanaka/Documents/workspace/DailyNecessity/DailyNecessityWeb/dataconnect`
 {"metadata":{"emulator":{"name":"dataconnect"},"message":"E0608 10:12:14.085024   84419 load.go:23] Could not load config from \"/Users/noriyoshi.tanaka/Documents/workspace/DailyNecessity/DailyNecessityWeb/dataconnect\": could not find dataconnect.yaml in `/Users/noriyoshi.tanaka/Documents/workspace/DailyNecessity/DailyNecessityWeb/dataconnect`\n"}}
[debug] [2025-06-08T01:12:24.085Z] E0608 10:12:24.085406   84419 load.go:23] Could not load config from "/Users/noriyoshi.tanaka/Documents/workspace/DailyNecessity/DailyNecessityWeb/dataconnect": could not find dataconnect.yaml in `/Users/noriyoshi.tanaka/Documents/workspace/DailyNecessity/DailyNecessityWeb/dataconnect`
 {"metadata":{"emulator":{"name":"dataconnect"},"message":"E0608 10:12:24.085406   84419 load.go:23] Could not load config from \"/Users/noriyoshi.tanaka/Documents/workspace/DailyNecessity/DailyNecessityWeb/dataconnect\": could not find dataconnect.yaml in `/Users/noriyoshi.tanaka/Documents/workspace/DailyNecessity/DailyNecessityWeb/dataconnect`\n"}}
